<?xml version="1.0" encoding="UTF-8"?>
<!-- Generated by org.testng.reporters.JUnitReportReporter -->
<testsuite hostname="Achus_Machine" failures="0" tests="45" name="TestNG.Selenium.SeleniumCommands" time="24.472" errors="0" timestamp="2021-09-26T19:19:59 IST" skipped="44">
  <testcase classname="TestNG.Selenium.SeleniumCommands" name="verifyFrames" time="24.472"/>
  <system-out/>
  <testcase classname="TestNG.Selenium.SeleniumCommands" name="fluentWait">
    <skipped/>
  </testcase> <!-- fluentWait -->
  <system-out/>
  <testcase classname="TestNG.Selenium.SeleniumCommands" name="robotClass">
    <skipped/>
  </testcase> <!-- robotClass -->
  <system-out/>
  <testcase classname="TestNG.Selenium.SeleniumCommands" name="dropDownOtherThanSelectTag">
    <skipped/>
  </testcase> <!-- dropDownOtherThanSelectTag -->
  <system-out/>
  <testcase classname="TestNG.Selenium.SeleniumCommands" name="verifyDragAndDropBy">
    <skipped/>
  </testcase> <!-- verifyDragAndDropBy -->
  <system-out/>
  <testcase classname="TestNG.Selenium.SeleniumCommands" name="verifySingleCheckBox">
    <skipped/>
  </testcase> <!-- verifySingleCheckBox -->
  <system-out/>
  <testcase classname="TestNG.Selenium.SeleniumCommands" name="implicitlyWait">
    <skipped/>
  </testcase> <!-- implicitlyWait -->
  <system-out/>
  <testcase classname="TestNG.Selenium.SeleniumCommands" name="staleElementException">
    <skipped/>
  </testcase> <!-- staleElementException -->
  <system-out/>
  <testcase classname="TestNG.Selenium.SeleniumCommands" name="tableElement">
    <skipped/>
  </testcase> <!-- tableElement -->
  <system-out/>
  <testcase classname="TestNG.Selenium.SeleniumCommands" name="verifyMultipleDropDown">
    <skipped/>
  </testcase> <!-- verifyMultipleDropDown -->
  <system-out/>
  <testcase classname="TestNG.Selenium.SeleniumCommands" name="verifyTitle">
    <skipped/>
  </testcase> <!-- verifyTitle -->
  <system-out/>
  <testcase classname="TestNG.Selenium.SeleniumCommands" name="verifyDoubleClick">
    <skipped/>
  </testcase> <!-- verifyDoubleClick -->
  <system-out/>
  <testcase classname="TestNG.Selenium.SeleniumCommands" name="keyboardActions">
    <skipped/>
  </testcase> <!-- keyboardActions -->
  <system-out/>
  <testcase classname="TestNG.Selenium.SeleniumCommands" name="verifyTwoInputField">
    <skipped/>
  </testcase> <!-- verifyTwoInputField -->
  <system-out/>
  <testcase classname="TestNG.Selenium.SeleniumCommands" name="verifyRegistration">
    <skipped/>
  </testcase> <!-- verifyRegistration -->
  <system-out/>
  <testcase classname="TestNG.Selenium.SeleniumCommands" name="verifysimpleAlert">
    <skipped/>
  </testcase> <!-- verifysimpleAlert -->
  <system-out/>
  <testcase classname="TestNG.Selenium.SeleniumCommands" name="verifyPromptAlert">
    <skipped/>
  </testcase> <!-- verifyPromptAlert -->
  <system-out/>
  <testcase classname="TestNG.Selenium.SeleniumCommands" name="dynamicTable">
    <skipped/>
  </testcase> <!-- dynamicTable -->
  <system-out/>
  <testcase classname="TestNG.Selenium.SeleniumCommands" name="verifySimpleAlert">
    <skipped/>
  </testcase> <!-- verifySimpleAlert -->
  <system-out/>
  <testcase classname="TestNG.Selenium.SeleniumCommands" name="pageLoadTimeOutWait">
    <skipped/>
  </testcase> <!-- pageLoadTimeOutWait -->
  <system-out/>
  <testcase classname="TestNG.Selenium.SeleniumCommands" name="verifyConfirmAlert">
    <skipped/>
  </testcase> <!-- verifyConfirmAlert -->
  <system-out/>
  <testcase classname="TestNG.Selenium.SeleniumCommands" name="testMethod1">
    <skipped/>
  </testcase> <!-- testMethod1 -->
  <system-out/>
  <testcase classname="TestNG.Selenium.SeleniumCommands" name="verifyDropDown">
    <skipped/>
  </testcase> <!-- verifyDropDown -->
  <system-out/>
  <testcase classname="TestNG.Selenium.SeleniumCommands" name="testMethod2">
    <skipped/>
  </testcase> <!-- testMethod2 -->
  <system-out/>
  <testcase classname="TestNG.Selenium.SeleniumCommands" name="softAssert">
    <skipped/>
  </testcase> <!-- softAssert -->
  <system-out/>
  <testcase classname="TestNG.Selenium.SeleniumCommands" name="verifySingleInputField">
    <skipped/>
  </testcase> <!-- verifySingleInputField -->
  <system-out/>
  <testcase classname="TestNG.Selenium.SeleniumCommands" name="seleniumWaits">
    <skipped/>
  </testcase> <!-- seleniumWaits -->
  <system-out/>
  <testcase classname="TestNG.Selenium.SeleniumCommands" name="verifyCloseAndQuit">
    <skipped/>
  </testcase> <!-- verifyCloseAndQuit -->
  <system-out/>
  <testcase classname="TestNG.Selenium.SeleniumCommands" name="verifySingleDropDown">
    <skipped/>
  </testcase> <!-- verifySingleDropDown -->
  <system-out/>
  <testcase classname="TestNG.Selenium.SeleniumCommands" name="verifyRightClickEditButton">
    <skipped/>
  </testcase> <!-- verifyRightClickEditButton -->
  <system-out/>
  <testcase classname="TestNG.Selenium.SeleniumCommands" name="verifyMultipleWindowHandling">
    <skipped/>
  </testcase> <!-- verifyMultipleWindowHandling -->
  <system-out/>
  <testcase classname="TestNG.Selenium.SeleniumCommands" name="verifyTableExcelValue">
    <skipped/>
  </testcase> <!-- verifyTableExcelValue -->
  <system-out/>
  <testcase classname="TestNG.Selenium.SeleniumCommands" name="verifyDragAndDrop">
    <skipped/>
  </testcase> <!-- verifyDragAndDrop -->
  <system-out/>
  <testcase classname="TestNG.Selenium.SeleniumCommands" name="verifyMultipleCheckBox">
    <skipped/>
  </testcase> <!-- verifyMultipleCheckBox -->
  <system-out/>
  <testcase classname="TestNG.Selenium.SeleniumCommands" name="verifyLogin">
    <skipped/>
  </testcase> <!-- verifyLogin -->
  <system-out/>
  <testcase classname="TestNG.Selenium.SeleniumCommands" name="verifyMoveToElement">
    <skipped/>
  </testcase> <!-- verifyMoveToElement -->
  <system-out/>
  <testcase classname="TestNG.Selenium.SeleniumCommands" name="verifyPromptalert">
    <skipped/>
  </testcase> <!-- verifyPromptalert -->
  <system-out/>
  <testcase classname="TestNG.Selenium.SeleniumCommands" name="verifyConfirmationAlert">
    <skipped/>
  </testcase> <!-- verifyConfirmationAlert -->
  <system-out/>
  <testcase classname="TestNG.Selenium.SeleniumCommands" name="verifyDropDownFromExcel">
    <skipped/>
  </testcase> <!-- verifyDropDownFromExcel -->
  <system-out/>
  <testcase classname="TestNG.Selenium.SeleniumCommands" name="verifyFileUpload">
    <skipped/>
  </testcase> <!-- verifyFileUpload -->
  <system-out/>
  <testcase classname="TestNG.Selenium.SeleniumCommands" name="javaScriptExecutor">
    <skipped/>
  </testcase> <!-- javaScriptExecutor -->
  <system-out/>
  <testcase classname="TestNG.Selenium.SeleniumCommands" name="scroll">
    <skipped/>
  </testcase> <!-- scroll -->
  <system-out/>
  <testcase classname="TestNG.Selenium.SeleniumCommands" name="verifyRightClickCopyButton">
    <skipped/>
  </testcase> <!-- verifyRightClickCopyButton -->
  <system-out/>
  <testcase classname="TestNG.Selenium.SeleniumCommands" name="verifyMenusFromExcel">
    <skipped/>
  </testcase> <!-- verifyMenusFromExcel -->
  <system-out/>
  <testcase classname="TestNG.Selenium.SeleniumCommands" name="explicitWait">
    <skipped/>
  </testcase> <!-- explicitWait -->
  <system-out/>
</testsuite> <!-- TestNG.Selenium.SeleniumCommands -->
