<?xml version="1.0" encoding="UTF-8"?>
<!-- Generated by org.testng.reporters.JUnitReportReporter -->
<testsuite hostname="Achus_Machine" failures="0" tests="1" name="TestNG.Selenium.ExtentReport" time="10.659" errors="0" timestamp="2021-09-26T22:03:16 IST" skipped="0">
  <testcase classname="TestNG.Selenium.ExtentReport" name="extentReportsDemo" time="10.659"/>
  <system-out/>
</testsuite> <!-- TestNG.Selenium.ExtentReport -->
