<?xml version="1.0" encoding="UTF-8"?>
<!-- Generated by org.testng.reporters.JUnitReportReporter -->
<testsuite hostname="Achus_Machine" failures="0" tests="2" name="TestNG.Selenium.TestNGCommands" time="0.008" errors="0" timestamp="2021-09-20T07:57:52 IST" skipped="0">
  <testcase classname="TestNG.Selenium.TestNGCommands" name="testMethod3" time="0.005"/>
  <system-out/>
  <testcase classname="TestNG.Selenium.TestNGCommands" name="testMethod4" time="0.003"/>
  <system-out/>
</testsuite> <!-- TestNG.Selenium.TestNGCommands -->
